<?xml version="1.0" encoding="utf-8"?><testsuites name="pytest tests"><testsuite name="pytest" errors="0" failures="0" skipped="0" tests="3" time="2.241" timestamp="2026-09-05T12:53:03.960099+00:00" hostname="agent-env-c36a6599-4866-4b50-8286-e9b0173b647c"><testcase classname="tests.backend_test" name="test_auth_and_starter_data" time="0.443" /><testcase classname="tests.backend_test" name="test_login_logout_and_google_setup" time="0.617" /><testcase classname="tests.backend_test" name="test_activity_session_pause_finish_and_stats" time="0.621" /></testsuite></testsuites>