<?xml version="1.0" encoding="utf-8"?><testsuites name="pytest tests"><testsuite name="pytest" errors="0" failures="0" skipped="0" tests="6" time="3.997" timestamp="2026-09-05T14:07:31.805724+00:00" hostname="agent-env-c36a6599-4866-4b50-8286-e9b0173b647c"><testcase classname="tests.test_calendar" name="test_calendar_requires_auth" time="0.361" /><testcase classname="tests.test_calendar" name="test_calendar_returns_current_month_shape" time="0.416" /><testcase classname="tests.test_calendar" name="test_calendar_invalid_month" time="0.410" /><testcase classname="tests.test_calendar" name="test_calendar_reflects_completed_session" time="0.581" /><testcase classname="tests.test_calendar" name="test_calendar_privacy_between_users" time="1.123" /><testcase classname="tests.test_calendar" name="test_regression_dashboard_and_activities" time="0.567" /></testsuite></testsuites>