<?xml version="1.0" encoding="utf-8"?><testsuites name="pytest tests"><testsuite name="pytest" errors="0" failures="0" skipped="0" tests="13" time="2.857" timestamp="2026-09-05T18:06:05.976935+00:00" hostname="agent-env-c36a6599-4866-4b50-8286-e9b0173b647c"><testcase classname="tests.test_social_seed.TestFreshUserSeeding" name="test_total_and_per_category_counts" time="0.845" /><testcase classname="tests.test_social_seed.TestAuthRegression" name="test_register_returns_user_and_sets_cookie" time="0.781" /><testcase classname="tests.test_social_seed.TestAuthRegression" name="test_auth_me_returns_current_user" time="0.118" /><testcase classname="tests.test_social_seed.TestFreshUserSeeding" name="test_social_titles_unique" time="0.067" /><testcase classname="tests.test_social_seed.TestAuthRegression" name="test_login_existing_account_works" time="0.379" /><testcase classname="tests.test_social_seed.TestFreshUserSeeding" name="test_social_duration_coverage" time="0.064" /><testcase classname="tests.test_social_seed.TestFreshUserSeeding" name="test_personal_growth_titles_unique" time="0.289" /><testcase classname="tests.test_social_seed.TestFreshUserSeeding" name="test_personal_growth_duration_coverage" time="0.067" /><testcase classname="tests.test_social_seed.TestSeedingIdempotency" name="test_relogin_does_not_reseed" time="0.437" /><testcase classname="tests.test_social_seed.TestCustomAndFavorite" name="test_create_custom_activity_and_verify_persistence" time="0.309" /><testcase classname="tests.test_social_seed.TestCustomAndFavorite" name="test_toggle_favorite" time="0.194" /><testcase classname="tests.test_social_seed.TestSeedingIdempotency" name="test_persistent_account_not_reseeded" time="0.468" /><testcase classname="tests.test_social_seed.TestExploreNoTruncation" name="test_activities_not_capped_at_200" time="0.103" /></testsuite></testsuites>